<?xml version="1.0" encoding="UTF-8"?>
<!-- Generated by org.testng.reporters.JUnitReportReporter -->
<testsuite name="entities.Algosaibi_roundtrip" tests="1" time="257.768" ignored="0" failures="0" timestamp="09 Aug 2019 08:57:10 GMT" skipped="0" hostname="Anjali" errors="0">
  <testcase name="flightroundtrip" time="257.768" classname="entities.Algosaibi_roundtrip"/>
</testsuite> <!-- entities.Algosaibi_roundtrip -->
