<?xml version="1.0" encoding="UTF-8"?>
<!-- Generated by org.testng.reporters.JUnitReportReporter -->
<testsuite hostname="SHUBHAM" failures="0" tests="1" name="CarporateSBT.CamSbtExpenseBudgetManagement" time="42.287" errors="0" timestamp="2022-08-02T10:29:41 IST" skipped="0">
  <testcase classname="CarporateSBT.CamSbtExpenseBudgetManagement" name="Profiling1" time="42.287"/>
  <system-out/>
</testsuite> <!-- CarporateSBT.CamSbtExpenseBudgetManagement -->
