<?xml version="1.0" encoding="UTF-8"?>
<!-- Generated by org.testng.reporters.JUnitReportReporter -->
<testsuite name="entities.Holidaybaghdad_multicity" tests="1" time="406.893" ignored="0" failures="0" timestamp="13 Aug 2019 12:35:14 GMT" skipped="0" hostname="Anjali" errors="0">
  <testcase name="flightMultiCitytest" time="406.893" classname="entities.Holidaybaghdad_multicity"/>
</testsuite> <!-- entities.Holidaybaghdad_multicity -->
