<?xml version="1.0" encoding="UTF-8"?>
<!-- Generated by org.testng.reporters.JUnitReportReporter -->
<testsuite name="entities.Travelmall_Fmulticity" tests="1" time="253.696" ignored="0" failures="0" timestamp="30 Jul 2019 08:22:58 GMT" skipped="0" hostname="Anjali" errors="0">
  <testcase name="flightMultiCitytest" time="253.696" classname="entities.Travelmall_Fmulticity"/>
</testsuite> <!-- entities.Travelmall_Fmulticity -->
