<?xml version="1.0" encoding="UTF-8"?>
<!-- Generated by org.testng.reporters.JUnitReportReporter -->
<testsuite hostname="SHUBHAM" failures="0" tests="1" name="product.Flight.suite.Oneway.flightBusinessAddToCart" time="97.628" errors="0" timestamp="2022-07-28T15:45:29 IST" skipped="0">
  <testcase classname="product.Flight.suite.Oneway.flightBusinessAddToCart" name="Sbt_flight_Search" time="97.628"/>
  <system-out/>
</testsuite> <!-- product.Flight.suite.Oneway.flightBusinessAddToCart -->
