<?xml version="1.0" encoding="UTF-8"?>
<!-- Generated by org.testng.reporters.JUnitReportReporter -->
<testsuite hostname="SHUBHAM" failures="0" tests="1" name="product.Flight.suite.Oneway.BookGuestHotel" time="181.818" errors="0" timestamp="2022-09-20T11:25:42 IST" skipped="0">
  <testcase classname="product.Flight.suite.Oneway.BookGuestHotel" name="Sbt_flight_Search" time="181.818"/>
  <system-out/>
</testsuite> <!-- product.Flight.suite.Oneway.BookGuestHotel -->
