<?xml version="1.0" encoding="UTF-8"?>
<!-- Generated by org.testng.reporters.JUnitReportReporter -->
<testsuite hostname="SHUBHAM" failures="0" tests="1" name="CarporateSBT.CamSbtExpenseConveyanceAllowanceManagement" time="42.572" errors="0" timestamp="2022-08-02T10:25:09 IST" skipped="0">
  <testcase classname="CarporateSBT.CamSbtExpenseConveyanceAllowanceManagement" name="Profiling1" time="42.572"/>
  <system-out/>
</testsuite> <!-- CarporateSBT.CamSbtExpenseConveyanceAllowanceManagement -->
