<?xml version="1.0" encoding="UTF-8"?>
<!-- Generated by org.testng.reporters.JUnitReportReporter -->
<testsuite hostname="SHUBHAM" failures="0" tests="1" name="product.Flight.suite.Oneway.HotelBusinessAddToCart" time="108.133" errors="0" timestamp="2022-09-14T14:57:13 IST" skipped="0">
  <testcase classname="product.Flight.suite.Oneway.HotelBusinessAddToCart" name="Sbt_flight_Search" time="108.133"/>
  <system-out/>
</testsuite> <!-- product.Flight.suite.Oneway.HotelBusinessAddToCart -->
