<?xml version="1.0" encoding="UTF-8"?>
<!-- Generated by org.testng.reporters.JUnitReportReporter -->
<testsuite hostname="SHUBHAM" failures="0" tests="3" name="product.Flight.suite.Oneway.BookGuestFlight" time="452.296" errors="0" timestamp="2022-09-20T15:54:58 IST" skipped="0">
  <testcase classname="product.Flight.suite.Oneway.BookGuestFlight" name="Sbt_flight_Search" time="144.128"/>
  <system-out/>
  <testcase classname="product.Flight.suite.Oneway.BookGuestFlight" name="Sbt_flight_Search" time="155.871"/>
  <system-out/>
  <testcase classname="product.Flight.suite.Oneway.BookGuestFlight" name="Sbt_flight_Search" time="152.297"/>
  <system-out/>
</testsuite> <!-- product.Flight.suite.Oneway.BookGuestFlight -->
