<?xml version="1.0" encoding="UTF-8"?>
<!-- Generated by org.testng.reporters.JUnitReportReporter -->
<testsuite hostname="SHUBHAM" failures="0" tests="1" name="CAM.corporateProfiling" time="72.573" errors="0" timestamp="2022-08-02T10:48:14 IST" skipped="0">
  <testcase classname="CAM.corporateProfiling" name="Profiling" time="72.573"/>
  <system-out/>
</testsuite> <!-- CAM.corporateProfiling -->
