<?xml version="1.0" encoding="UTF-8"?>
<!-- Generated by org.testng.reporters.JUnitReportReporter -->
<testsuite name="entities.Holidaybaghdad_Oneway" tests="1" time="257.707" ignored="0" failures="0" timestamp="13 Aug 2019 10:47:45 GMT" skipped="0" hostname="Anjali" errors="0">
  <testcase name="flightOneway" time="257.707" classname="entities.Holidaybaghdad_Oneway"/>
</testsuite> <!-- entities.Holidaybaghdad_Oneway -->
