<?xml version="1.0" encoding="UTF-8"?>
<!-- Generated by org.testng.reporters.JUnitReportReporter -->
<testsuite hostname="SHUBHAM" failures="0" tests="6" name="CarporateSBT.ExpenseManagementReport" time="485.003" errors="0" timestamp="2022-08-02T11:26:40 IST" skipped="0">
  <testcase classname="CarporateSBT.ExpenseManagementReport" name="Profiling1" time="119.647"/>
  <system-out/>
  <testcase classname="CarporateSBT.ExpenseManagementReport" name="Profiling1" time="37.351"/>
  <system-out/>
  <testcase classname="CarporateSBT.ExpenseManagementReport" name="Profiling1" time="61.250"/>
  <system-out/>
  <testcase classname="CarporateSBT.ExpenseManagementReport" name="Profiling1" time="159.262"/>
  <system-out/>
  <testcase classname="CarporateSBT.ExpenseManagementReport" name="Profiling1" time="53.023"/>
  <system-out/>
  <testcase classname="CarporateSBT.ExpenseManagementReport" name="Profiling1" time="54.470"/>
  <system-out/>
</testsuite> <!-- CarporateSBT.ExpenseManagementReport -->
