<?xml version="1.0" encoding="UTF-8"?>
<!-- Generated by org.testng.reporters.JUnitReportReporter -->
<testsuite hostname="SHUBHAM" failures="0" tests="3" name="product.Flight.suite.Oneway.BookPersonalFlight" time="576.425" errors="0" timestamp="2022-09-20T16:42:08 IST" skipped="0">
  <testcase classname="product.Flight.suite.Oneway.BookPersonalFlight" name="Sbt_flight_Search" time="171.866"/>
  <system-out/>
  <testcase classname="product.Flight.suite.Oneway.BookPersonalFlight" name="Sbt_flight_Search" time="177.521"/>
  <system-out/>
  <testcase classname="product.Flight.suite.Oneway.BookPersonalFlight" name="Sbt_flight_Search" time="227.038"/>
  <system-out/>
</testsuite> <!-- product.Flight.suite.Oneway.BookPersonalFlight -->
