<?xml version="1.0" encoding="UTF-8"?>
<!-- Generated by org.testng.reporters.JUnitReportReporter -->
<testsuite ignored="0" hostname="AnjaliLaptop" failures="0" tests="3" name="TestScript.RoundTrip.Flight" time="975.409" errors="0" timestamp="01 Mar 2022 11:51:05 GMT" skipped="0">
  <testcase classname="TestScript.RoundTrip.Flight" name="flightroundtrip" time="265.179"/>
  <testcase classname="TestScript.RoundTrip.Flight" name="flightroundtrip" time="393.689"/>
  <testcase classname="TestScript.RoundTrip.Flight" name="flightroundtrip" time="316.541"/>
</testsuite> <!-- TestScript.RoundTrip.Flight -->
