<?xml version="1.0" encoding="UTF-8"?>
<!-- Generated by org.testng.reporters.JUnitReportReporter -->
<testsuite name="entities.Zamil_Roundtrip" tests="1" time="305.383" ignored="0" failures="0" timestamp="03 Sep 2019 04:22:23 GMT" skipped="0" hostname="Anjali" errors="0">
  <testcase name="flightroundtrip" time="305.383" classname="entities.Zamil_Roundtrip"/>
</testsuite> <!-- entities.Zamil_Roundtrip -->
