<?xml version="1.0" encoding="UTF-8"?>
<!-- Generated by org.testng.reporters.JUnitReportReporter -->
<testsuite hostname="SHUBHAM" failures="0" tests="1" name="testOnFlight.OnewayBussinessFlightTrip" time="183.854" errors="0" timestamp="2022-09-15T16:08:22 IST" skipped="0">
  <testcase classname="testOnFlight.OnewayBussinessFlightTrip" name="Sbt_flight_Search" time="183.854"/>
  <system-out/>
</testsuite> <!-- testOnFlight.OnewayBussinessFlightTrip -->
