<?xml version="1.0" encoding="UTF-8"?>
<!-- Generated by org.testng.reporters.JUnitReportReporter -->
<testsuite hostname="SHUBHAM" failures="0" tests="1" name="sbt117.RegisterCorporate" time="48.167" errors="0" timestamp="2023-05-03T13:25:28 IST" skipped="0">
  <testcase classname="sbt117.RegisterCorporate" name="registerCorporate" time="48.167"/>
  <system-out/>
</testsuite> <!-- sbt117.RegisterCorporate -->
