<?xml version="1.0" encoding="UTF-8"?>
<!-- Generated by org.testng.reporters.JUnitReportReporter -->
<testsuite hostname="SHUBHAM" failures="0" tests="10" name="sbt117.OtherMiscFunctionality" time="435.306" errors="0" timestamp="2023-11-02T17:50:31 IST" skipped="0">
  <testcase classname="sbt117.OtherMiscFunctionality" name="travellerProfiling" time="43.271"/>
  <system-out/>
  <testcase classname="sbt117.OtherMiscFunctionality" name="travellerProfiling" time="41.356"/>
  <system-out/>
  <testcase classname="sbt117.OtherMiscFunctionality" name="travellerProfiling" time="39.468"/>
  <system-out/>
  <testcase classname="sbt117.OtherMiscFunctionality" name="travellerProfiling" time="51.559"/>
  <system-out/>
  <testcase classname="sbt117.OtherMiscFunctionality" name="travellerProfiling" time="47.225"/>
  <system-out/>
  <testcase classname="sbt117.OtherMiscFunctionality" name="travellerProfiling" time="44.371"/>
  <system-out/>
  <testcase classname="sbt117.OtherMiscFunctionality" name="travellerProfiling" time="47.417"/>
  <system-out/>
  <testcase classname="sbt117.OtherMiscFunctionality" name="travellerProfiling" time="38.514"/>
  <system-out/>
  <testcase classname="sbt117.OtherMiscFunctionality" name="travellerProfiling" time="41.471"/>
  <system-out/>
  <testcase classname="sbt117.OtherMiscFunctionality" name="travellerProfiling" time="40.654"/>
  <system-out/>
</testsuite> <!-- sbt117.OtherMiscFunctionality -->
