<?xml version="1.0" encoding="UTF-8"?>
<!-- Generated by org.testng.reporters.JUnitReportReporter -->
<testsuite hostname="ANKUR" failures="0" tests="2" name="testFlightHotel.OtherServices" time="161.664" errors="0" timestamp="2024-05-14T16:57:56 IST" skipped="0">
  <testcase classname="testFlightHotel.OtherServices" name="OtherProducts" time="85.033"/>
  <system-out/>
  <testcase classname="testFlightHotel.OtherServices" name="OtherProducts" time="76.631"/>
  <system-out/>
</testsuite> <!-- testFlightHotel.OtherServices -->
