<?xml version="1.0" encoding="UTF-8"?>
<!-- Generated by org.testng.reporters.JUnitReportReporter -->
<testsuite name="TestScript.ModifySearch.FlightAirline" tests="1" time="251.546" ignored="0" failures="0" timestamp="23 Jan 2020 07:06:34 GMT" skipped="0" hostname="Anjali" errors="0">
  <testcase name="Duration" time="251.546" classname="TestScript.ModifySearch.FlightAirline"/>
</testsuite> <!-- TestScript.ModifySearch.FlightAirline -->
