<?xml version="1.0" encoding="UTF-8"?>
<!-- Generated by org.testng.reporters.JUnitReportReporter -->
<testsuite hostname="SHUBHAM" failures="0" tests="1" name="testFlightHotel.FlightBooking" time="293.659" errors="0" timestamp="2024-03-06T12:30:54 IST" skipped="0">
  <testcase classname="testFlightHotel.FlightBooking" name="flightBooking" time="293.659"/>
  <system-out/>
</testsuite> <!-- testFlightHotel.FlightBooking -->
