<?xml version="1.0" encoding="UTF-8"?>
<!-- Generated by org.testng.reporters.JUnitReportReporter -->
<testsuite hostname="SHUBHAM" failures="0" tests="1" name="CarporateSBT.preApprovalQueue3" time="96.726" errors="0" timestamp="2022-06-17T11:08:46 IST" skipped="0">
  <testcase classname="CarporateSBT.preApprovalQueue3" name="Profiling3" time="96.726"/>
  <system-out/>
</testsuite> <!-- CarporateSBT.preApprovalQueue3 -->
