<?xml version="1.0" encoding="UTF-8"?>
<!-- Generated by org.testng.reporters.JUnitReportReporter -->
<testsuite hostname="ANKUR" failures="0" tests="4" name="TestScripts.TestOnHotel_FFno_HotelMembershipNo_To_BookingFlow" time="406.397" errors="0" timestamp="2024-04-20T04:53:30 IST" skipped="0">
  <testcase classname="TestScripts.TestOnHotel_FFno_HotelMembershipNo_To_BookingFlow" name="Sbt_Hotel_Search" time="97.923"/>
  <system-out/>
  <testcase classname="TestScripts.TestOnHotel_FFno_HotelMembershipNo_To_BookingFlow" name="Sbt_Hotel_Search" time="99.482"/>
  <system-out/>
  <testcase classname="TestScripts.TestOnHotel_FFno_HotelMembershipNo_To_BookingFlow" name="Sbt_Hotel_Search" time="105.151"/>
  <system-out/>
  <testcase classname="TestScripts.TestOnHotel_FFno_HotelMembershipNo_To_BookingFlow" name="Sbt_Hotel_Search" time="103.841"/>
  <system-out/>
</testsuite> <!-- TestScripts.TestOnHotel_FFno_HotelMembershipNo_To_BookingFlow -->
