<?xml version="1.0" encoding="UTF-8"?>
<!-- Generated by org.testng.reporters.JUnitReportReporter -->
<testsuite name="entities.Zamil_Oneway" tests="1" time="87.214" ignored="0" failures="0" timestamp="02 Sep 2019 08:40:12 GMT" skipped="0" hostname="Anjali" errors="0">
  <testcase name="flightOneway" time="87.214" classname="entities.Zamil_Oneway"/>
</testsuite> <!-- entities.Zamil_Oneway -->
