<?xml version="1.0" encoding="UTF-8"?>
<!-- Generated by org.testng.reporters.JUnitReportReporter -->
<testsuite name="TestScript.ModifySearch.FlightModifySearch" tests="1" time="146.167" ignored="0" failures="0" timestamp="22 Jan 2020 12:51:57 GMT" skipped="0" hostname="Anjali" errors="0">
  <testcase name="mfytest" time="146.167" classname="TestScript.ModifySearch.FlightModifySearch"/>
</testsuite> <!-- TestScript.ModifySearch.FlightModifySearch -->
