<?xml version="1.0" encoding="UTF-8"?>
<!-- Generated by org.testng.reporters.JUnitReportReporter -->
<testsuite hostname="SHUBHAM" failures="0" tests="1" name="CAM.policyWorkflow" time="269.288" errors="0" timestamp="2023-02-01T11:00:54 IST" skipped="0">
  <testcase classname="CAM.policyWorkflow" name="Profiling" time="269.288"/>
  <system-out/>
</testsuite> <!-- CAM.policyWorkflow -->
