<?xml version="1.0" encoding="UTF-8"?>
<!-- Generated by org.testng.reporters.JUnitReportReporter -->
<testsuite hostname="SHUBHAM" failures="0" tests="1" name="product.Flight.suite.Oneway.OneWayDependentFlightBooking" time="209.581" errors="0" timestamp="2022-09-20T19:28:46 IST" skipped="0">
  <testcase classname="product.Flight.suite.Oneway.OneWayDependentFlightBooking" name="Sbt_flight_Search" time="209.581"/>
  <system-out/>
</testsuite> <!-- product.Flight.suite.Oneway.OneWayDependentFlightBooking -->
