<?xml version="1.0" encoding="UTF-8"?>
<!-- Generated by org.testng.reporters.JUnitReportReporter -->
<testsuite name="TestScript.Multicity.FlightMulticity" tests="1" time="280.184" ignored="0" failures="0" timestamp="27 Jan 2020 06:43:30 GMT" skipped="0" hostname="Anjali" errors="0">
  <testcase name="flightMultiCitytest" time="280.184" classname="TestScript.Multicity.FlightMulticity"/>
</testsuite> <!-- TestScript.Multicity.FlightMulticity -->
