<?xml version="1.0" encoding="UTF-8"?>
<!-- Generated by org.testng.reporters.JUnitReportReporter -->
<testsuite name="entities.Skysouq_multicity" tests="1" time="362.310" ignored="0" failures="0" timestamp="29 Aug 2019 07:19:37 GMT" skipped="0" hostname="Anjali" errors="0">
  <testcase name="flightMultiCitytest" time="362.310" classname="entities.Skysouq_multicity"/>
</testsuite> <!-- entities.Skysouq_multicity -->
