<?xml version="1.0" encoding="UTF-8"?>
<!-- Generated by org.testng.reporters.JUnitReportReporter -->
<testsuite hostname="SHUBHAM" failures="0" tests="1" name="testFlightHotel.OtherServices" time="63.070" errors="1" timestamp="2024-05-16T18:17:16 IST" skipped="0">
  <testcase classname="testFlightHotel.OtherServices" name="OtherProducts" time="63.070">
    <error message="element click intercepted: Element &lt;a href=&quot;javascript:void(0);&quot; id=&quot;btnnonbsavehotel&quot; onclick=&quot;return PageValidation(&#039;nonbookablehotel&#039;);&quot; class=&quot;btn btn-primary&quot;&gt;...&lt;/a&gt; is not clickable at point (473, 894). Other element would receive the click: &lt;div class=&quot;row&quot;&gt;...&lt;/div&gt;
  (Session info: chrome=124.0.6367.207)
Build info: version: &#039;4.1.4&#039;, revision: &#039;535d840ee2&#039;
System info: host: &#039;SHUBHAM&#039;, ip: &#039;192.168.111.141&#039;, os.name: &#039;Windows 10&#039;, os.arch: &#039;amd64&#039;, os.version: &#039;10.0&#039;, java.version: &#039;17.0.1&#039;
Driver info: org.openqa.selenium.chrome.ChromeDriver
Command: [1ac0b5ac6c3286fe9b3ed368cf5b27bb, clickElement {id=f.6FC94F232E97336D3A393F635F693F40.d.A4A02557B778B9353ABDCEA130996062.e.842}]
Capabilities {acceptInsecureCerts: false, browserName: chrome, browserVersion: 124.0.6367.207, chrome: {chromedriverVersion: 123.0.6312.86 (9b72c47a0536..., userDataDir: C:\Users\SHUBHA~1.NAT\AppDa...}, fedcm:accounts: true, goog:chromeOptions: {debuggerAddress: localhost:62209}, javascriptEnabled: true, networkConnectionEnabled: false, pageLoadStrategy: normal, platform: WINDOWS, platformName: WINDOWS, proxy: Proxy(), se:cdp: ws://localhost:62209/devtoo..., se:cdpVersion: 124.0.6367.207, setWindowRect: true, strictFileInteractability: false, timeouts: {implicit: 0, pageLoad: 300000, script: 30000}, unhandledPromptBehavior: dismiss and notify, webauthn:extension:credBlob: true, webauthn:extension:largeBlob: true, webauthn:extension:minPinLength: true, webauthn:extension:prf: true, webauthn:virtualAuthenticators: true}
Element: [[ChromeDriver: chrome on WINDOWS (1ac0b5ac6c3286fe9b3ed368cf5b27bb)] -&gt; xpath: //a[@id=&#039;btnnonbsavehotel&#039;]]
Session ID: 1ac0b5ac6c3286fe9b3ed368cf5b27bb" type="org.openqa.selenium.ElementClickInterceptedException">
      <![CDATA[org.openqa.selenium.ElementClickInterceptedException: element click intercepted: Element <a href="javascript:void(0);" id="btnnonbsavehotel" onclick="return PageValidation('nonbookablehotel');" class="btn btn-primary">...</a> is not clickable at point (473, 894). Other element would receive the click: <div class="row">...</div>
  (Session info: chrome=124.0.6367.207)
Build info: version: '4.1.4', revision: '535d840ee2'
System info: host: 'SHUBHAM', ip: '192.168.111.141', os.name: 'Windows 10', os.arch: 'amd64', os.version: '10.0', java.version: '17.0.1'
Driver info: org.openqa.selenium.chrome.ChromeDriver
Command: [1ac0b5ac6c3286fe9b3ed368cf5b27bb, clickElement {id=f.6FC94F232E97336D3A393F635F693F40.d.A4A02557B778B9353ABDCEA130996062.e.842}]
Capabilities {acceptInsecureCerts: false, browserName: chrome, browserVersion: 124.0.6367.207, chrome: {chromedriverVersion: 123.0.6312.86 (9b72c47a0536..., userDataDir: C:\Users\SHUBHA~1.NAT\AppDa...}, fedcm:accounts: true, goog:chromeOptions: {debuggerAddress: localhost:62209}, javascriptEnabled: true, networkConnectionEnabled: false, pageLoadStrategy: normal, platform: WINDOWS, platformName: WINDOWS, proxy: Proxy(), se:cdp: ws://localhost:62209/devtoo..., se:cdpVersion: 124.0.6367.207, setWindowRect: true, strictFileInteractability: false, timeouts: {implicit: 0, pageLoad: 300000, script: 30000}, unhandledPromptBehavior: dismiss and notify, webauthn:extension:credBlob: true, webauthn:extension:largeBlob: true, webauthn:extension:minPinLength: true, webauthn:extension:prf: true, webauthn:virtualAuthenticators: true}
Element: [[ChromeDriver: chrome on WINDOWS (1ac0b5ac6c3286fe9b3ed368cf5b27bb)] -> xpath: //a[@id='btnnonbsavehotel']]
Session ID: 1ac0b5ac6c3286fe9b3ed368cf5b27bb
at java.base/jdk.internal.reflect.NativeConstructorAccessorImpl.newInstance0(Native Method)
at java.base/jdk.internal.reflect.NativeConstructorAccessorImpl.newInstance(NativeConstructorAccessorImpl.java:77)
at java.base/jdk.internal.reflect.DelegatingConstructorAccessorImpl.newInstance(DelegatingConstructorAccessorImpl.java:45)
at java.base/java.lang.reflect.Constructor.newInstanceWithCaller(Constructor.java:499)
at java.base/java.lang.reflect.Constructor.newInstance(Constructor.java:480)
at org.openqa.selenium.remote.codec.w3c.W3CHttpResponseCodec.createException(W3CHttpResponseCodec.java:200)
at org.openqa.selenium.remote.codec.w3c.W3CHttpResponseCodec.decode(W3CHttpResponseCodec.java:133)
at org.openqa.selenium.remote.codec.w3c.W3CHttpResponseCodec.decode(W3CHttpResponseCodec.java:53)
at org.openqa.selenium.remote.HttpCommandExecutor.execute(HttpCommandExecutor.java:184)
at org.openqa.selenium.remote.service.DriverCommandExecutor.invokeExecute(DriverCommandExecutor.java:167)
at org.openqa.selenium.remote.service.DriverCommandExecutor.execute(DriverCommandExecutor.java:142)
at org.openqa.selenium.remote.RemoteWebDriver.execute(RemoteWebDriver.java:567)
at org.openqa.selenium.remote.RemoteWebElement.execute(RemoteWebElement.java:251)
at org.openqa.selenium.remote.RemoteWebElement.click(RemoteWebElement.java:77)
at utilities.QaRobot.ClickOnElement(QaRobot.java:217)
at testFlightHotel.OtherServices.OtherProducts(OtherServices.java:171)
at java.base/jdk.internal.reflect.NativeMethodAccessorImpl.invoke0(Native Method)
at java.base/jdk.internal.reflect.NativeMethodAccessorImpl.invoke(NativeMethodAccessorImpl.java:77)
at java.base/jdk.internal.reflect.DelegatingMethodAccessorImpl.invoke(DelegatingMethodAccessorImpl.java:43)
at java.base/java.lang.reflect.Method.invoke(Method.java:568)
at org.testng.internal.MethodInvocationHelper.invokeMethod(MethodInvocationHelper.java:133)
at org.testng.internal.TestInvoker.invokeMethod(TestInvoker.java:598)
at org.testng.internal.TestInvoker.invokeTestMethod(TestInvoker.java:173)
at org.testng.internal.MethodRunner.runInSequence(MethodRunner.java:46)
at org.testng.internal.TestInvoker$MethodInvocationAgent.invoke(TestInvoker.java:824)
at org.testng.internal.TestInvoker.invokeTestMethods(TestInvoker.java:146)
at org.testng.internal.TestMethodWorker.invokeTestMethods(TestMethodWorker.java:146)
at org.testng.internal.TestMethodWorker.run(TestMethodWorker.java:128)
at java.base/java.util.ArrayList.forEach(ArrayList.java:1511)
at org.testng.TestRunner.privateRun(TestRunner.java:794)
at org.testng.TestRunner.run(TestRunner.java:596)
at org.testng.SuiteRunner.runTest(SuiteRunner.java:377)
at org.testng.SuiteRunner.runSequentially(SuiteRunner.java:371)
at org.testng.SuiteRunner.privateRun(SuiteRunner.java:332)
at org.testng.SuiteRunner.run(SuiteRunner.java:276)
at org.testng.SuiteRunnerWorker.runSuite(SuiteRunnerWorker.java:53)
at org.testng.SuiteRunnerWorker.run(SuiteRunnerWorker.java:96)
at org.testng.TestNG.runSuitesSequentially(TestNG.java:1212)
at org.testng.TestNG.runSuitesLocally(TestNG.java:1134)
at org.testng.TestNG.runSuites(TestNG.java:1063)
at org.testng.TestNG.run(TestNG.java:1031)
at org.testng.remote.AbstractRemoteTestNG.run(AbstractRemoteTestNG.java:115)
at org.testng.remote.RemoteTestNG.initAndRun(RemoteTestNG.java:251)
at org.testng.remote.RemoteTestNG.main(RemoteTestNG.java:77)
]]>
    </error>
  </testcase> <!-- OtherProducts -->
  <system-out/>
</testsuite> <!-- testFlightHotel.OtherServices -->
