<?xml version="1.0" encoding="UTF-8"?>
<!-- Generated by org.testng.reporters.JUnitReportReporter -->
<testsuite hostname="SHUBHAM" failures="0" tests="1" name="CarporateSBT.CamSbtExpenseManagement" time="51.240" errors="0" timestamp="2022-07-14T09:54:24 IST" skipped="0">
  <testcase classname="CarporateSBT.CamSbtExpenseManagement" name="Profiling1" time="51.240"/>
  <system-out/>
</testsuite> <!-- CarporateSBT.CamSbtExpenseManagement -->
