<?xml version="1.0" encoding="UTF-8"?>
<!-- Generated by org.testng.reporters.JUnitReportReporter -->
<testsuite hostname="SHUBHAM" failures="0" tests="1" name="product.Flight.suite.Oneway.BookBusinessOneWayFlightWithPolicyType" time="131.431" errors="0" timestamp="2022-07-28T11:44:18 IST" skipped="0">
  <testcase classname="product.Flight.suite.Oneway.BookBusinessOneWayFlightWithPolicyType" name="Sbt_flight_Search" time="131.431"/>
  <system-out/>
</testsuite> <!-- product.Flight.suite.Oneway.BookBusinessOneWayFlightWithPolicyType -->
