<?xml version="1.0" encoding="UTF-8"?>
<!-- Generated by org.testng.reporters.JUnitReportReporter -->
<testsuite hostname="SHUBHAM" failures="0" tests="1" name="product.Flight.suite.Oneway.BookPersonalFlight" time="163.226" errors="0" timestamp="2022-08-01T12:05:00 IST" skipped="0">
  <testcase classname="product.Flight.suite.Oneway.BookPersonalFlight" name="Sbt_flight_Search" time="163.226"/>
  <system-out/>
</testsuite> <!-- product.Flight.suite.Oneway.BookPersonalFlight -->
