<?xml version="1.0" encoding="UTF-8"?>
<!-- Generated by org.testng.reporters.JUnitReportReporter -->
<testsuite name="entities.Arivo_Oneway" tests="1" time="275.356" ignored="0" failures="0" timestamp="21 Aug 2019 08:31:20 GMT" skipped="0" hostname="Anjali" errors="0">
  <testcase name="flightOneway" time="275.356" classname="entities.Arivo_Oneway"/>
</testsuite> <!-- entities.Arivo_Oneway -->
