<?xml version="1.0" encoding="UTF-8"?>
<!-- Generated by org.testng.reporters.JUnitReportReporter -->
<testsuite hostname="SHUBHAM" failures="0" tests="4" name="sbt117.TravelBanRules" time="191.958" errors="0" timestamp="2023-11-08T17:21:29 IST" skipped="0">
  <testcase classname="sbt117.TravelBanRules" name="travellerProfiling" time="47.371"/>
  <system-out/>
  <testcase classname="sbt117.TravelBanRules" name="travellerProfiling" time="47.400"/>
  <system-out/>
  <testcase classname="sbt117.TravelBanRules" name="travellerProfiling" time="49.110"/>
  <system-out/>
  <testcase classname="sbt117.TravelBanRules" name="travellerProfiling" time="48.077"/>
  <system-out/>
</testsuite> <!-- sbt117.TravelBanRules -->
