<?xml version="1.0" encoding="UTF-8"?>
<!-- Generated by org.testng.reporters.JUnitReportReporter -->
<testsuite hostname="SHUBHAM" failures="0" tests="1" name="product.Flight.suite.Oneway.OneWayDependentFlightBooking" time="93.593" errors="0" timestamp="2022-07-29T14:35:20 IST" skipped="0">
  <testcase classname="product.Flight.suite.Oneway.OneWayDependentFlightBooking" name="Sbt_flight_Search" time="93.593"/>
  <system-out/>
</testsuite> <!-- product.Flight.suite.Oneway.OneWayDependentFlightBooking -->
