<?xml version="1.0" encoding="UTF-8"?>
<!-- Generated by org.testng.reporters.JUnitReportReporter -->
<testsuite hostname="SHUBHAM" failures="0" tests="10" name="sbt117.CancellationChargesRule" time="577.388" errors="0" timestamp="2023-07-24T10:29:18 IST" skipped="0">
  <testcase classname="sbt117.CancellationChargesRule" name="cancellationChargesRule" time="99.253"/>
  <system-out/>
  <testcase classname="sbt117.CancellationChargesRule" name="cancellationChargesRule" time="44.491"/>
  <system-out/>
  <testcase classname="sbt117.CancellationChargesRule" name="cancellationChargesRule" time="59.520"/>
  <system-out/>
  <testcase classname="sbt117.CancellationChargesRule" name="cancellationChargesRule" time="43.283"/>
  <system-out/>
  <testcase classname="sbt117.CancellationChargesRule" name="cancellationChargesRule" time="57.382"/>
  <system-out/>
  <testcase classname="sbt117.CancellationChargesRule" name="cancellationChargesRule" time="57.304"/>
  <system-out/>
  <testcase classname="sbt117.CancellationChargesRule" name="cancellationChargesRule" time="58.235"/>
  <system-out/>
  <testcase classname="sbt117.CancellationChargesRule" name="cancellationChargesRule" time="58.138"/>
  <system-out/>
  <testcase classname="sbt117.CancellationChargesRule" name="cancellationChargesRule" time="55.742"/>
  <system-out/>
  <testcase classname="sbt117.CancellationChargesRule" name="cancellationChargesRule" time="44.040"/>
  <system-out/>
</testsuite> <!-- sbt117.CancellationChargesRule -->
