<?xml version="1.0" encoding="UTF-8"?>
<!-- Generated by org.testng.reporters.JUnitReportReporter -->
<testsuite hostname="SHUBHAM" failures="0" tests="4" name="CAM.planyourTrip" time="437.626" errors="0" timestamp="2022-07-28T18:49:22 IST" skipped="0">
  <testcase classname="CAM.planyourTrip" name="Profiling" time="117.118"/>
  <system-out/>
  <testcase classname="CAM.planyourTrip" name="Profiling" time="132.680"/>
  <system-out/>
  <testcase classname="CAM.planyourTrip" name="Profiling" time="97.606"/>
  <system-out/>
  <testcase classname="CAM.planyourTrip" name="Profiling" time="90.222"/>
  <system-out/>
</testsuite> <!-- CAM.planyourTrip -->
