<?xml version="1.0" encoding="UTF-8"?>
<!-- Generated by org.testng.reporters.JUnitReportReporter -->
<testsuite hostname="SHUBHAM" failures="0" tests="1" name="sbt117.ApprovalWorkflow" time="0.000" errors="0" timestamp="2023-10-16T15:08:17 IST" skipped="1">
  <testcase classname="sbt117.ApprovalWorkflow" name="travellerProfiling" time="0.000">
    <skipped/>
  </testcase> <!-- travellerProfiling -->
  <system-out/>
</testsuite> <!-- sbt117.ApprovalWorkflow -->
