<?xml version="1.0" encoding="UTF-8"?>
<!-- Generated by org.testng.reporters.JUnitReportReporter -->
<testsuite hostname="SHUBHAM" failures="0" tests="3" name="CAM.approvalWorkflow" time="218.147" errors="0" timestamp="2022-08-02T10:12:12 IST" skipped="0">
  <testcase classname="CAM.approvalWorkflow" name="Profiling" time="54.423"/>
  <system-out/>
  <testcase classname="CAM.approvalWorkflow" name="Profiling" time="107.556"/>
  <system-out/>
  <testcase classname="CAM.approvalWorkflow" name="Profiling" time="56.168"/>
  <system-out/>
</testsuite> <!-- CAM.approvalWorkflow -->
