<?xml version="1.0" encoding="UTF-8"?>
<!-- Generated by org.testng.reporters.JUnitReportReporter -->
<testsuite hostname="SHUBHAM" failures="0" tests="5" name="CarporateSBT.Reimbursement" time="143.239" errors="0" timestamp="2022-08-02T11:58:08 IST" skipped="0">
  <testcase classname="CarporateSBT.Reimbursement" name="Profiling1" time="32.212"/>
  <system-out/>
  <testcase classname="CarporateSBT.Reimbursement" name="Profiling1" time="27.974"/>
  <system-out/>
  <testcase classname="CarporateSBT.Reimbursement" name="Profiling1" time="28.080"/>
  <system-out/>
  <testcase classname="CarporateSBT.Reimbursement" name="Profiling1" time="29.040"/>
  <system-out/>
  <testcase classname="CarporateSBT.Reimbursement" name="Profiling1" time="25.933"/>
  <system-out/>
</testsuite> <!-- CarporateSBT.Reimbursement -->
