<?xml version="1.0" encoding="UTF-8"?>
<!-- Generated by org.testng.reporters.JUnitReportReporter -->
<testsuite hostname="SHUBHAM" failures="0" tests="4" name="sbt117.ManageNoticeBoard" time="137.596" errors="0" timestamp="2023-11-16T18:19:59 IST" skipped="0">
  <testcase classname="sbt117.ManageNoticeBoard" name="travellerProfiling" time="34.932"/>
  <system-out/>
  <testcase classname="sbt117.ManageNoticeBoard" name="travellerProfiling" time="35.653"/>
  <system-out/>
  <testcase classname="sbt117.ManageNoticeBoard" name="travellerProfiling" time="33.742"/>
  <system-out/>
  <testcase classname="sbt117.ManageNoticeBoard" name="travellerProfiling" time="33.269"/>
  <system-out/>
</testsuite> <!-- sbt117.ManageNoticeBoard -->
