<?xml version="1.0" encoding="UTF-8"?>
<!-- Generated by org.testng.reporters.JUnitReportReporter -->
<testsuite hostname="SHUBHAM" failures="0" tests="1" name="sbt117.OtherMiscFunctionality" time="30.387" errors="0" timestamp="2023-05-03T16:33:34 IST" skipped="0">
  <testcase classname="sbt117.OtherMiscFunctionality" name="travellerProfiling" time="30.387"/>
  <system-out/>
</testsuite> <!-- sbt117.OtherMiscFunctionality -->
