<?xml version="1.0" encoding="UTF-8"?>
<!-- Generated by org.testng.reporters.JUnitReportReporter -->
<testsuite hostname="SHUBHAM" failures="0" tests="1" name="testFlightHotel.BusinessHotelTrip" time="265.809" errors="0" timestamp="2023-11-22T12:31:51 IST" skipped="0">
  <testcase classname="testFlightHotel.BusinessHotelTrip" name="Sbt_Hotel_Search" time="265.809"/>
  <system-out/>
</testsuite> <!-- testFlightHotel.BusinessHotelTrip -->
