<?xml version="1.0" encoding="UTF-8"?>
<!-- Generated by org.testng.reporters.JUnitReportReporter -->
<testsuite name="entities.Travelmall_TOneway" tests="1" time="120.527" ignored="0" failures="0" timestamp="21 Aug 2019 12:25:25 GMT" skipped="0" hostname="Anjali" errors="0">
  <testcase name="transferOneway" time="120.527" classname="entities.Travelmall_TOneway"/>
</testsuite> <!-- entities.Travelmall_TOneway -->
