<?xml version="1.0" encoding="UTF-8"?>
<!-- Generated by org.testng.reporters.JUnitReportReporter -->
<testsuite name="entities.Zamil_multicity" tests="1" time="395.507" ignored="0" failures="0" timestamp="05 Sep 2019 05:35:34 GMT" skipped="0" hostname="Anjali" errors="0">
  <testcase name="flightMultiCitytest" time="395.507" classname="entities.Zamil_multicity"/>
</testsuite> <!-- entities.Zamil_multicity -->
