<?xml version="1.0" encoding="UTF-8"?>
<!-- Generated by org.testng.reporters.JUnitReportReporter -->
<testsuite hostname="ANKUR" failures="0" tests="1" name="CAM_MO.ManageLogicalFare_OMF" time="31.879" errors="0" timestamp="2024-01-04T18:44:43 IST" skipped="0">
  <testcase classname="CAM_MO.ManageLogicalFare_OMF" name="OBTFulfillment" time="31.879"/>
  <system-out/>
</testsuite> <!-- CAM_MO.ManageLogicalFare_OMF -->
