<?xml version="1.0" encoding="UTF-8"?>
<!-- Generated by org.testng.reporters.JUnitReportReporter -->
<testsuite hostname="SHUBHAM" failures="0" tests="1" name="CAM.manageTravellers" time="82.037" errors="0" timestamp="2022-08-01T18:30:45 IST" skipped="0">
  <testcase classname="CAM.manageTravellers" name="Profiling" time="82.037"/>
  <system-out/>
</testsuite> <!-- CAM.manageTravellers -->
