<?xml version="1.0" encoding="UTF-8"?>
<!-- Generated by org.testng.reporters.JUnitReportReporter -->
<testsuite hostname="ANKUR" failures="0" tests="2" name="testFlightHotel.NonBrandingHotel" time="283.571" errors="0" timestamp="2025-02-25T15:34:25 IST" skipped="0">
  <testcase classname="testFlightHotel.NonBrandingHotel" name="Sbt_Hotel_Search" time="144.664"/>
  <system-out/>
  <testcase classname="testFlightHotel.NonBrandingHotel" name="Sbt_Hotel_Search" time="138.907"/>
  <system-out/>
</testsuite> <!-- testFlightHotel.NonBrandingHotel -->
