<?xml version="1.0" encoding="UTF-8"?>
<!-- Generated by org.testng.reporters.JUnitReportReporter -->
<testsuite hostname="SHUBHAM" failures="0" tests="1" name="CarporateSBT.CamSbtExpensePerDiemManagement" time="55.117" errors="0" timestamp="2022-08-02T10:16:58 IST" skipped="0">
  <testcase classname="CarporateSBT.CamSbtExpensePerDiemManagement" name="Profiling1" time="55.117"/>
  <system-out/>
</testsuite> <!-- CarporateSBT.CamSbtExpensePerDiemManagement -->
