<?xml version="1.0" encoding="UTF-8"?>
<!-- Generated by org.testng.reporters.JUnitReportReporter -->
<testsuite hostname="SHUBHAM" failures="0" tests="1" name="product.Flight.suite.Oneway.HotelBusinessAddToCart" time="87.369" errors="0" timestamp="2022-07-28T14:49:21 IST" skipped="0">
  <testcase classname="product.Flight.suite.Oneway.HotelBusinessAddToCart" name="Sbt_flight_Search" time="87.369"/>
  <system-out/>
</testsuite> <!-- product.Flight.suite.Oneway.HotelBusinessAddToCart -->
