<?xml version="1.0" encoding="UTF-8"?>
<!-- Generated by org.testng.reporters.JUnitReportReporter -->
<testsuite hostname="ANKUR" failures="0" tests="5" name="SBT_Corporate.ExpenseManagement" time="590.108" errors="0" timestamp="2024-01-09T18:32:35 IST" skipped="0">
  <testcase classname="SBT_Corporate.ExpenseManagement" name="Profiling1" time="135.448"/>
  <system-out/>
  <testcase classname="SBT_Corporate.ExpenseManagement" name="Profiling1" time="105.100"/>
  <system-out/>
  <testcase classname="SBT_Corporate.ExpenseManagement" name="Profiling1" time="105.293"/>
  <system-out/>
  <testcase classname="SBT_Corporate.ExpenseManagement" name="Profiling1" time="105.275"/>
  <system-out/>
  <testcase classname="SBT_Corporate.ExpenseManagement" name="Profiling1" time="138.992"/>
  <system-out/>
</testsuite> <!-- SBT_Corporate.ExpenseManagement -->
