<?xml version="1.0" encoding="UTF-8"?>
<!-- Generated by org.testng.reporters.JUnitReportReporter -->
<testsuite hostname="SHUBHAM" failures="0" tests="1" name="CAM.travellerProfiling" time="65.166" errors="0" timestamp="2022-07-28T19:25:27 IST" skipped="0">
  <testcase classname="CAM.travellerProfiling" name="Profiling" time="65.166"/>
  <system-out/>
</testsuite> <!-- CAM.travellerProfiling -->
