<?xml version="1.0" encoding="UTF-8"?>
<!-- Generated by org.testng.reporters.JUnitReportReporter -->
<testsuite hostname="ANKUR" failures="0" tests="1" name="testFlightHotel.OtherServices" time="57.110" errors="0" timestamp="2024-05-13T18:50:51 IST" skipped="0">
  <testcase classname="testFlightHotel.OtherServices" name="OtherProducts" time="57.110"/>
  <system-out/>
</testsuite> <!-- testFlightHotel.OtherServices -->
