<?xml version="1.0" encoding="UTF-8"?>
<!-- Generated by org.testng.reporters.JUnitReportReporter -->
<testsuite hostname="SHUBHAM" failures="0" tests="5" name="testFlightHotel.OtherServices" time="754.729" errors="0" timestamp="2024-05-17T18:21:15 IST" skipped="0">
  <testcase classname="testFlightHotel.OtherServices" name="OtherProducts" time="209.694"/>
  <system-out/>
  <testcase classname="testFlightHotel.OtherServices" name="OtherProducts" time="143.147"/>
  <system-out/>
  <testcase classname="testFlightHotel.OtherServices" name="OtherProducts" time="171.032"/>
  <system-out/>
  <testcase classname="testFlightHotel.OtherServices" name="OtherProducts" time="110.373"/>
  <system-out/>
  <testcase classname="testFlightHotel.OtherServices" name="OtherProducts" time="120.483"/>
  <system-out/>
</testsuite> <!-- testFlightHotel.OtherServices -->
