<?xml version="1.0" encoding="UTF-8"?>
<!-- Generated by org.testng.reporters.JUnitReportReporter -->
<testsuite name="TestScript.ModifySearch.demo" tests="2" time="0.009" ignored="0" failures="0" timestamp="14 May 2019 05:44:13 GMT" skipped="0" hostname="Anjali" errors="0">
  <testcase name="test2" time="0.001" classname="TestScript.ModifySearch.demo"/>
  <testcase name="test1" time="0.008" classname="TestScript.ModifySearch.demo"/>
</testsuite> <!-- TestScript.ModifySearch.demo -->
