<?xml version="1.0" encoding="UTF-8"?>
<!-- Generated by org.testng.reporters.JUnitReportReporter -->
<testsuite hostname="SHUBHAM" failures="0" tests="1" name="jOLO_SBT.Car" time="165.895" errors="0" timestamp="2023-06-01T14:36:31 IST" skipped="0">
  <testcase classname="jOLO_SBT.Car" name="Sbt_Car_Search" time="165.895"/>
  <system-out/>
</testsuite> <!-- jOLO_SBT.Car -->
