<?xml version="1.0" encoding="UTF-8"?>
<!-- Generated by org.testng.reporters.JUnitReportReporter -->
<testsuite name="entities.Arivo_Roundtrip" tests="1" time="246.084" ignored="0" failures="0" timestamp="21 Aug 2019 07:39:06 GMT" skipped="0" hostname="Anjali" errors="0">
  <testcase name="flightroundtrip" time="246.084" classname="entities.Arivo_Roundtrip"/>
</testsuite> <!-- entities.Arivo_Roundtrip -->
