<?xml version="1.0" encoding="UTF-8"?>
<!-- Generated by org.testng.reporters.JUnitReportReporter -->
<testsuite hostname="ANKUR" failures="0" tests="1" name="SBT_Corporate.CamSbtExpenseConveyanceAllowanceManagement" time="45.331" errors="0" timestamp="2024-01-05T17:53:39 IST" skipped="0">
  <testcase classname="SBT_Corporate.CamSbtExpenseConveyanceAllowanceManagement" name="Profiling1" time="45.331"/>
  <system-out/>
</testsuite> <!-- SBT_Corporate.CamSbtExpenseConveyanceAllowanceManagement -->
