<?xml version="1.0" encoding="UTF-8"?>
<!-- Generated by org.testng.reporters.JUnitReportReporter -->
<testsuite hostname="SHUBHAM" failures="0" tests="1" name="sbt117.CorporateProfiling" time="29.143" errors="0" timestamp="2023-05-03T18:18:48 IST" skipped="0">
  <testcase classname="sbt117.CorporateProfiling" name="corporateProfiling" time="29.143"/>
  <system-out/>
</testsuite> <!-- sbt117.CorporateProfiling -->
