<?xml version="1.0" encoding="UTF-8"?>
<!-- Generated by org.testng.reporters.JUnitReportReporter -->
<testsuite hostname="ANKUR" failures="0" tests="2" name="SBT_Corporate.CamSbtExpensePerDiemManagement" time="95.445" errors="0" timestamp="2024-01-05T18:12:21 IST" skipped="0">
  <testcase classname="SBT_Corporate.CamSbtExpensePerDiemManagement" name="Profiling1" time="47.157"/>
  <system-out/>
  <testcase classname="SBT_Corporate.CamSbtExpensePerDiemManagement" name="Profiling1" time="48.288"/>
  <system-out/>
</testsuite> <!-- SBT_Corporate.CamSbtExpensePerDiemManagement -->
