<?xml version="1.0" encoding="UTF-8"?>
<!-- Generated by org.testng.reporters.JUnitReportReporter -->
<testsuite hostname="ANKUR" failures="0" tests="5" name="SBT_Corporate.Reimbursement" time="169.702" errors="0" timestamp="2024-01-09T18:47:54 IST" skipped="0">
  <testcase classname="SBT_Corporate.Reimbursement" name="Profiling1" time="29.895"/>
  <system-out/>
  <testcase classname="SBT_Corporate.Reimbursement" name="Profiling1" time="33.178"/>
  <system-out/>
  <testcase classname="SBT_Corporate.Reimbursement" name="Profiling1" time="31.673"/>
  <system-out/>
  <testcase classname="SBT_Corporate.Reimbursement" name="Profiling1" time="36.842"/>
  <system-out/>
  <testcase classname="SBT_Corporate.Reimbursement" name="Profiling1" time="38.114"/>
  <system-out/>
</testsuite> <!-- SBT_Corporate.Reimbursement -->
