<?xml version="1.0" encoding="UTF-8"?>
<!-- Generated by org.testng.reporters.JUnitReportReporter -->
<testsuite hostname="SHUBHAM" failures="0" tests="1" name="CarporateSBT.PlanYourTrip" time="0.000" errors="0" timestamp="2022-08-04T13:09:58 IST" skipped="1">
  <testcase classname="CarporateSBT.PlanYourTrip" name="Profiling1" time="0.000">
    <skipped/>
  </testcase> <!-- Profiling1 -->
  <system-out/>
</testsuite> <!-- CarporateSBT.PlanYourTrip -->
