<?xml version="1.0" encoding="UTF-8"?>
<!-- Generated by org.testng.reporters.JUnitReportReporter -->
<testsuite hostname="SHUBHAM" failures="0" tests="5" name="testFlightHotel.FlightBookingWithMoreProducts" time="1283.793" errors="0" timestamp="2024-05-23T18:53:44 IST" skipped="0">
  <testcase classname="testFlightHotel.FlightBookingWithMoreProducts" name="flightBooking" time="222.370"/>
  <system-out/>
  <testcase classname="testFlightHotel.FlightBookingWithMoreProducts" name="flightBooking" time="335.758"/>
  <system-out/>
  <testcase classname="testFlightHotel.FlightBookingWithMoreProducts" name="flightBooking" time="198.974"/>
  <system-out/>
  <testcase classname="testFlightHotel.FlightBookingWithMoreProducts" name="flightBooking" time="244.798"/>
  <system-out/>
  <testcase classname="testFlightHotel.FlightBookingWithMoreProducts" name="flightBooking" time="281.893"/>
  <system-out/>
</testsuite> <!-- testFlightHotel.FlightBookingWithMoreProducts -->
