<?xml version="1.0" encoding="UTF-8"?>
<!-- Generated by org.testng.reporters.JUnitReportReporter -->
<testsuite name="entities.Arivo_multicity" tests="1" time="98.290" ignored="0" failures="0" timestamp="20 Aug 2019 04:40:35 GMT" skipped="0" hostname="Anjali" errors="0">
  <testcase name="flightMultiCitytest" time="98.290" classname="entities.Arivo_multicity"/>
</testsuite> <!-- entities.Arivo_multicity -->
