<?xml version="1.0" encoding="UTF-8"?>
<!-- Generated by org.testng.reporters.JUnitReportReporter -->
<testsuite name="entities.Holidaybaghdad_roundtrip" tests="1" time="239.562" ignored="0" failures="0" timestamp="13 Aug 2019 11:21:19 GMT" skipped="0" hostname="Anjali" errors="0">
  <testcase name="flightroundtrip" time="239.562" classname="entities.Holidaybaghdad_roundtrip"/>
</testsuite> <!-- entities.Holidaybaghdad_roundtrip -->
