<?xml version="1.0" encoding="UTF-8"?>
<!-- Generated by org.testng.reporters.JUnitReportReporter -->
<testsuite hostname="SHUBHAM" failures="0" tests="5" name="CarporateSBT.ExpenseManagement" time="587.636" errors="0" timestamp="2022-08-02T11:49:38 IST" skipped="0">
  <testcase classname="CarporateSBT.ExpenseManagement" name="Profiling1" time="123.140"/>
  <system-out/>
  <testcase classname="CarporateSBT.ExpenseManagement" name="Profiling1" time="114.685"/>
  <system-out/>
  <testcase classname="CarporateSBT.ExpenseManagement" name="Profiling1" time="113.051"/>
  <system-out/>
  <testcase classname="CarporateSBT.ExpenseManagement" name="Profiling1" time="114.812"/>
  <system-out/>
  <testcase classname="CarporateSBT.ExpenseManagement" name="Profiling1" time="121.948"/>
  <system-out/>
</testsuite> <!-- CarporateSBT.ExpenseManagement -->
