<?xml version="1.0" encoding="UTF-8"?>
<!-- Generated by org.testng.reporters.JUnitReportReporter -->
<testsuite hostname="ANKUR" failures="0" tests="5" name="SBT_Corporate.ExpenseManagementReport" time="456.844" errors="0" timestamp="2024-01-09T15:01:09 IST" skipped="0">
  <testcase classname="SBT_Corporate.ExpenseManagementReport" name="Profiling1" time="91.768"/>
  <system-out/>
  <testcase classname="SBT_Corporate.ExpenseManagementReport" name="Profiling1" time="107.611"/>
  <system-out/>
  <testcase classname="SBT_Corporate.ExpenseManagementReport" name="Profiling1" time="92.995"/>
  <system-out/>
  <testcase classname="SBT_Corporate.ExpenseManagementReport" name="Profiling1" time="63.403"/>
  <system-out/>
  <testcase classname="SBT_Corporate.ExpenseManagementReport" name="Profiling1" time="101.067"/>
  <system-out/>
</testsuite> <!-- SBT_Corporate.ExpenseManagementReport -->
