<?xml version="1.0" encoding="UTF-8"?>
<!-- Generated by org.testng.reporters.JUnitReportReporter -->
<testsuite name="entities.Travelmall_Flightoneway" tests="1" time="0.596" ignored="0" failures="0" timestamp="24 Jul 2019 11:56:25 GMT" skipped="0" hostname="Anjali" errors="1">
  <testcase name="flightoneway" time="0.596" classname="entities.Travelmall_Flightoneway">
    <error type="org.testng.internal.reflect.MethodMatcherException" message="
Data provider mismatch
Method: flightoneway([Parameter{index=0, type=java.lang.String, declaredAnnotations=[]}, Parameter{index=1, type=java.lang.String, declaredAnnotations=[]}, Parameter{index=2, type=java.lang.String, declaredAnnotations=[]}, Parameter{index=3, type=java.lang.String, declaredAnnotations=[]}, Parameter{index=4, type=java.lang.String, declaredAnnotations=[]}, Parameter{index=5, type=java.lang.String, declaredAnnotations=[]}, Parameter{index=6, type=java.lang.String, declaredAnnotations=[]}, Parameter{index=7, type=java.lang.String, declaredAnnotations=[]}, Parameter{index=8, type=java.lang.String, declaredAnnotations=[]}, Parameter{index=9, type=java.lang.String, declaredAnnotations=[]}, Parameter{index=10, type=java.lang.String, declaredAnnotations=[]}, Parameter{index=11, type=java.lang.String, declaredAnnotations=[]}, Parameter{index=12, type=java.lang.String, declaredAnnotations=[]}, Parameter{index=13, type=java.lang.String, declaredAnnotations=[]}, Parameter{index=14, type=java.lang.String, declaredAnnotations=[]}, Parameter{index=15, type=java.lang.String, declaredAnnotations=[]}, Parameter{index=16, type=java.lang.String, declaredAnnotations=[]}, Parameter{index=17, type=java.lang.String, declaredAnnotations=[]}, Parameter{index=18, type=java.lang.String, declaredAnnotations=[]}, Parameter{index=19, type=java.lang.String, declaredAnnotations=[]}, Parameter{index=20, type=java.lang.String, declaredAnnotations=[]}, Parameter{index=21, type=java.lang.String, declaredAnnotations=[]}, Parameter{index=22, type=java.lang.String, declaredAnnotations=[]}, Parameter{index=23, type=java.lang.String, declaredAnnotations=[]}, Parameter{index=24, type=java.lang.String, declaredAnnotations=[]}, Parameter{index=25, type=java.lang.String, declaredAnnotations=[]}, Parameter{index=26, type=java.lang.String, declaredAnnotations=[]}, Parameter{index=27, type=java.lang.String, declaredAnnotations=[]}, Parameter{index=28, type=java.lang.String, declaredAnnotations=[]}, Parameter{index=29, type=java.lang.String, declaredAnnotations=[]}, Parameter{index=30, type=java.lang.String, declaredAnnotations=[]}, Parameter{index=31, type=java.lang.String, declaredAnnotations=[]}, Parameter{index=32, type=java.lang.String, declaredAnnotations=[]}, Parameter{index=33, type=java.lang.String, declaredAnnotations=[]}, Parameter{index=34, type=java.lang.String, declaredAnnotations=[]}, Parameter{index=35, type=java.lang.String, declaredAnnotations=[]}, Parameter{index=36, type=java.lang.String, declaredAnnotations=[]}, Parameter{index=37, type=java.lang.String, declaredAnnotations=[]}, Parameter{index=38, type=java.lang.String, declaredAnnotations=[]}, Parameter{index=39, type=java.lang.String, declaredAnnotations=[]}, Parameter{index=40, type=java.lang.String, declaredAnnotations=[]}, Parameter{index=41, type=java.lang.String, declaredAnnotations=[]}, Parameter{index=42, type=java.lang.String, declaredAnnotations=[]}, Parameter{index=43, type=java.lang.String, declaredAnnotations=[]}, Parameter{index=44, type=java.lang.String, declaredAnnotations=[]}, Parameter{index=45, type=java.lang.String, declaredAnnotations=[]}, Parameter{index=46, type=java.lang.String, declaredAnnotations=[]}, Parameter{index=47, type=java.lang.String, declaredAnnotations=[]}, Parameter{index=48, type=java.lang.String, declaredAnnotations=[]}, Parameter{index=49, type=java.lang.String, declaredAnnotations=[]}, Parameter{index=50, type=java.lang.String, declaredAnnotations=[]}, Parameter{index=51, type=java.lang.String, declaredAnnotations=[]}, Parameter{index=52, type=java.lang.String, declaredAnnotations=[]}, Parameter{index=53, type=java.lang.String, declaredAnnotations=[]}, Parameter{index=54, type=java.lang.String, declaredAnnotations=[]}, Parameter{index=55, type=java.lang.String, declaredAnnotations=[]}, Parameter{index=56, type=java.lang.String, declaredAnnotations=[]}, Parameter{index=57, type=java.lang.String, declaredAnnotations=[]}, Parameter{index=58, type=java.lang.String, declaredAnnotations=[]}, Parameter{index=59, type=java.lang.String, declaredAnnotations=[]}, Parameter{index=60, type=java.lang.String, declaredAnnotations=[]}, Parameter{index=61, type=java.lang.String, declaredAnnotations=[]}, Parameter{index=62, type=java.lang.String, declaredAnnotations=[]}, Parameter{index=63, type=java.lang.String, declaredAnnotations=[]}, Parameter{index=64, type=java.lang.String, declaredAnnotations=[]}, Parameter{index=65, type=java.lang.String, declaredAnnotations=[]}, Parameter{index=66, type=java.lang.String, declaredAnnotations=[]}, Parameter{index=67, type=java.lang.String, declaredAnnotations=[]}, Parameter{index=68, type=java.lang.String, declaredAnnotations=[]}, Parameter{index=69, type=java.lang.String, declaredAnnotations=[]}, Parameter{index=70, type=java.lang.String, declaredAnnotations=[]}, Parameter{index=71, type=java.lang.String, declaredAnnotations=[]}, Parameter{index=72, type=java.lang.String, declaredAnnotations=[]}, Parameter{index=73, type=java.lang.String, declaredAnnotations=[]}, Parameter{index=74, type=java.lang.String, declaredAnnotations=[]}, Parameter{index=75, type=java.lang.String, declaredAnnotations=[]}])
Arguments: [(java.lang.String)gt,(java.lang.String)tarun.chugh@quadlabs.com,(java.lang.String)J15QG5BT26&amp;$!)&amp;,(java.lang.String)del,(java.lang.String)Delhi, India - Indira Gandhi Int&#039;l Airport (DEL),(java.lang.String)sin,(java.lang.String)Singapore, Singapore - All Airports (SIN),(java.lang.String)7212019,(java.lang.String)International,(java.lang.String)2,(java.lang.String)0,(java.lang.String)2,(java.lang.String)Indian Rupees,(java.lang.String)Economy,(java.lang.String)JET AIRWAYS,AIR INDIA,EMIRATES,KUWAIT AIRWAYS,(java.lang.String)anjali.jain@quadlabs.com,(java.lang.String)MRS,Ms,(java.lang.String)Anjali,Priya,(java.lang.String)kumari,(java.lang.String)jain,singh,(java.lang.String)25,24,(java.lang.String)Apr,Jan,(java.lang.String)1990,1991,(java.lang.String)987878,4434343,(java.lang.String)91,(java.lang.String)9212487567,(java.lang.String)5566774,4667785,(java.lang.String)India (IN),India (IN),(java.lang.String)6,10,(java.lang.String)Dec,Jan,(java.lang.String)2035,2029,(java.lang.String)Indian,Afghan,(java.lang.String)Miss,Mstr,(java.lang.String)Dev,Sawara,(java.lang.String)jain,bansal,(java.lang.String)28,17,(java.lang.String)Aug,Dec,(java.lang.String)2010,2015,(java.lang.String)676767,8765456,(java.lang.String)232323,454545,(java.lang.String)India (IN),India (IN),(java.lang.String)28,17,(java.lang.String)Aug,Dec,(java.lang.String)2021,2025,(java.lang.String)Indian,Indian,(java.lang.String)Miss,Mstr,(java.lang.String)saanvi,Manan,(java.lang.String)Gupta,Bansal,(java.lang.String)28,17,(java.lang.String)Aug,Dec,(java.lang.String)2018,2017,(java.lang.String)56543543,6534222,(java.lang.String)Adult1,Adult2,(java.lang.String)232323,454545,(java.lang.String)India (IN),Australia (AU),(java.lang.String)28,17,(java.lang.String)Aug,Dec,(java.lang.String)2021,2025,(java.lang.String)Indian,Indian,(java.lang.String)MR,(java.lang.String)Aseem,(java.lang.String)jain,(java.lang.String)Nirman nagar,(java.lang.String)Jai,(java.lang.String)Jaipur,(java.lang.String)Haryana,(java.lang.String)202019,(java.lang.String)India (IN),(java.lang.String)Debit Card,(java.lang.String)Visa,(java.lang.String)4811111111111114,(java.lang.String)test test,(java.lang.String)11,(java.lang.String)2020,(java.lang.String)123,(java.lang.String)112233,(java.lang.String)94603,(java.lang.String)100]">
      <![CDATA[org.testng.internal.reflect.MethodMatcherException: 
Data provider mismatch
Method: flightoneway([Parameter{index=0, type=java.lang.String, declaredAnnotations=[]}, Parameter{index=1, type=java.lang.String, declaredAnnotations=[]}, Parameter{index=2, type=java.lang.String, declaredAnnotations=[]}, Parameter{index=3, type=java.lang.String, declaredAnnotations=[]}, Parameter{index=4, type=java.lang.String, declaredAnnotations=[]}, Parameter{index=5, type=java.lang.String, declaredAnnotations=[]}, Parameter{index=6, type=java.lang.String, declaredAnnotations=[]}, Parameter{index=7, type=java.lang.String, declaredAnnotations=[]}, Parameter{index=8, type=java.lang.String, declaredAnnotations=[]}, Parameter{index=9, type=java.lang.String, declaredAnnotations=[]}, Parameter{index=10, type=java.lang.String, declaredAnnotations=[]}, Parameter{index=11, type=java.lang.String, declaredAnnotations=[]}, Parameter{index=12, type=java.lang.String, declaredAnnotations=[]}, Parameter{index=13, type=java.lang.String, declaredAnnotations=[]}, Parameter{index=14, type=java.lang.String, declaredAnnotations=[]}, Parameter{index=15, type=java.lang.String, declaredAnnotations=[]}, Parameter{index=16, type=java.lang.String, declaredAnnotations=[]}, Parameter{index=17, type=java.lang.String, declaredAnnotations=[]}, Parameter{index=18, type=java.lang.String, declaredAnnotations=[]}, Parameter{index=19, type=java.lang.String, declaredAnnotations=[]}, Parameter{index=20, type=java.lang.String, declaredAnnotations=[]}, Parameter{index=21, type=java.lang.String, declaredAnnotations=[]}, Parameter{index=22, type=java.lang.String, declaredAnnotations=[]}, Parameter{index=23, type=java.lang.String, declaredAnnotations=[]}, Parameter{index=24, type=java.lang.String, declaredAnnotations=[]}, Parameter{index=25, type=java.lang.String, declaredAnnotations=[]}, Parameter{index=26, type=java.lang.String, declaredAnnotations=[]}, Parameter{index=27, type=java.lang.String, declaredAnnotations=[]}, Parameter{index=28, type=java.lang.String, declaredAnnotations=[]}, Parameter{index=29, type=java.lang.String, declaredAnnotations=[]}, Parameter{index=30, type=java.lang.String, declaredAnnotations=[]}, Parameter{index=31, type=java.lang.String, declaredAnnotations=[]}, Parameter{index=32, type=java.lang.String, declaredAnnotations=[]}, Parameter{index=33, type=java.lang.String, declaredAnnotations=[]}, Parameter{index=34, type=java.lang.String, declaredAnnotations=[]}, Parameter{index=35, type=java.lang.String, declaredAnnotations=[]}, Parameter{index=36, type=java.lang.String, declaredAnnotations=[]}, Parameter{index=37, type=java.lang.String, declaredAnnotations=[]}, Parameter{index=38, type=java.lang.String, declaredAnnotations=[]}, Parameter{index=39, type=java.lang.String, declaredAnnotations=[]}, Parameter{index=40, type=java.lang.String, declaredAnnotations=[]}, Parameter{index=41, type=java.lang.String, declaredAnnotations=[]}, Parameter{index=42, type=java.lang.String, declaredAnnotations=[]}, Parameter{index=43, type=java.lang.String, declaredAnnotations=[]}, Parameter{index=44, type=java.lang.String, declaredAnnotations=[]}, Parameter{index=45, type=java.lang.String, declaredAnnotations=[]}, Parameter{index=46, type=java.lang.String, declaredAnnotations=[]}, Parameter{index=47, type=java.lang.String, declaredAnnotations=[]}, Parameter{index=48, type=java.lang.String, declaredAnnotations=[]}, Parameter{index=49, type=java.lang.String, declaredAnnotations=[]}, Parameter{index=50, type=java.lang.String, declaredAnnotations=[]}, Parameter{index=51, type=java.lang.String, declaredAnnotations=[]}, Parameter{index=52, type=java.lang.String, declaredAnnotations=[]}, Parameter{index=53, type=java.lang.String, declaredAnnotations=[]}, Parameter{index=54, type=java.lang.String, declaredAnnotations=[]}, Parameter{index=55, type=java.lang.String, declaredAnnotations=[]}, Parameter{index=56, type=java.lang.String, declaredAnnotations=[]}, Parameter{index=57, type=java.lang.String, declaredAnnotations=[]}, Parameter{index=58, type=java.lang.String, declaredAnnotations=[]}, Parameter{index=59, type=java.lang.String, declaredAnnotations=[]}, Parameter{index=60, type=java.lang.String, declaredAnnotations=[]}, Parameter{index=61, type=java.lang.String, declaredAnnotations=[]}, Parameter{index=62, type=java.lang.String, declaredAnnotations=[]}, Parameter{index=63, type=java.lang.String, declaredAnnotations=[]}, Parameter{index=64, type=java.lang.String, declaredAnnotations=[]}, Parameter{index=65, type=java.lang.String, declaredAnnotations=[]}, Parameter{index=66, type=java.lang.String, declaredAnnotations=[]}, Parameter{index=67, type=java.lang.String, declaredAnnotations=[]}, Parameter{index=68, type=java.lang.String, declaredAnnotations=[]}, Parameter{index=69, type=java.lang.String, declaredAnnotations=[]}, Parameter{index=70, type=java.lang.String, declaredAnnotations=[]}, Parameter{index=71, type=java.lang.String, declaredAnnotations=[]}, Parameter{index=72, type=java.lang.String, declaredAnnotations=[]}, Parameter{index=73, type=java.lang.String, declaredAnnotations=[]}, Parameter{index=74, type=java.lang.String, declaredAnnotations=[]}, Parameter{index=75, type=java.lang.String, declaredAnnotations=[]}])
Arguments: [(java.lang.String)gt,(java.lang.String)tarun.chugh@quadlabs.com,(java.lang.String)J15QG5BT26&$!)&,(java.lang.String)del,(java.lang.String)Delhi, India - Indira Gandhi Int'l Airport (DEL),(java.lang.String)sin,(java.lang.String)Singapore, Singapore - All Airports (SIN),(java.lang.String)7212019,(java.lang.String)International,(java.lang.String)2,(java.lang.String)0,(java.lang.String)2,(java.lang.String)Indian Rupees,(java.lang.String)Economy,(java.lang.String)JET AIRWAYS,AIR INDIA,EMIRATES,KUWAIT AIRWAYS,(java.lang.String)anjali.jain@quadlabs.com,(java.lang.String)MRS,Ms,(java.lang.String)Anjali,Priya,(java.lang.String)kumari,(java.lang.String)jain,singh,(java.lang.String)25,24,(java.lang.String)Apr,Jan,(java.lang.String)1990,1991,(java.lang.String)987878,4434343,(java.lang.String)91,(java.lang.String)9212487567,(java.lang.String)5566774,4667785,(java.lang.String)India (IN),India (IN),(java.lang.String)6,10,(java.lang.String)Dec,Jan,(java.lang.String)2035,2029,(java.lang.String)Indian,Afghan,(java.lang.String)Miss,Mstr,(java.lang.String)Dev,Sawara,(java.lang.String)jain,bansal,(java.lang.String)28,17,(java.lang.String)Aug,Dec,(java.lang.String)2010,2015,(java.lang.String)676767,8765456,(java.lang.String)232323,454545,(java.lang.String)India (IN),India (IN),(java.lang.String)28,17,(java.lang.String)Aug,Dec,(java.lang.String)2021,2025,(java.lang.String)Indian,Indian,(java.lang.String)Miss,Mstr,(java.lang.String)saanvi,Manan,(java.lang.String)Gupta,Bansal,(java.lang.String)28,17,(java.lang.String)Aug,Dec,(java.lang.String)2018,2017,(java.lang.String)56543543,6534222,(java.lang.String)Adult1,Adult2,(java.lang.String)232323,454545,(java.lang.String)India (IN),Australia (AU),(java.lang.String)28,17,(java.lang.String)Aug,Dec,(java.lang.String)2021,2025,(java.lang.String)Indian,Indian,(java.lang.String)MR,(java.lang.String)Aseem,(java.lang.String)jain,(java.lang.String)Nirman nagar,(java.lang.String)Jai,(java.lang.String)Jaipur,(java.lang.String)Haryana,(java.lang.String)202019,(java.lang.String)India (IN),(java.lang.String)Debit Card,(java.lang.String)Visa,(java.lang.String)4811111111111114,(java.lang.String)test test,(java.lang.String)11,(java.lang.String)2020,(java.lang.String)123,(java.lang.String)112233,(java.lang.String)94603,(java.lang.String)100]
	at org.testng.internal.reflect.DataProviderMethodMatcher.getConformingArguments(DataProviderMethodMatcher.java:52)
	at org.testng.internal.Invoker.injectParameters(Invoker.java:1278)
	at org.testng.internal.Invoker.invokeTestMethods(Invoker.java:1171)
	at org.testng.internal.TestMethodWorker.invokeTestMethods(TestMethodWorker.java:129)
	at org.testng.internal.TestMethodWorker.run(TestMethodWorker.java:112)
	at org.testng.TestRunner.privateRun(TestRunner.java:756)
	at org.testng.TestRunner.run(TestRunner.java:610)
	at org.testng.SuiteRunner.runTest(SuiteRunner.java:387)
	at org.testng.SuiteRunner.runSequentially(SuiteRunner.java:382)
	at org.testng.SuiteRunner.privateRun(SuiteRunner.java:340)
	at org.testng.SuiteRunner.run(SuiteRunner.java:289)
	at org.testng.SuiteRunnerWorker.runSuite(SuiteRunnerWorker.java:52)
	at org.testng.SuiteRunnerWorker.run(SuiteRunnerWorker.java:86)
	at org.testng.TestNG.runSuitesSequentially(TestNG.java:1293)
	at org.testng.TestNG.runSuitesLocally(TestNG.java:1218)
	at org.testng.TestNG.runSuites(TestNG.java:1133)
	at org.testng.TestNG.run(TestNG.java:1104)
	at org.testng.remote.AbstractRemoteTestNG.run(AbstractRemoteTestNG.java:132)
	at org.testng.remote.RemoteTestNG.initAndRun(RemoteTestNG.java:230)
	at org.testng.remote.RemoteTestNG.main(RemoteTestNG.java:76)
]]>
    </error>
  </testcase> <!-- flightoneway -->
</testsuite> <!-- entities.Travelmall_Flightoneway -->
