<?xml version="1.0" encoding="UTF-8"?>
<!-- Generated by org.testng.reporters.JUnitReportReporter -->
<testsuite hostname="SHUBHAM" failures="0" tests="4" name="sbt117.ManageMultiTraveler" time="211.463" errors="0" timestamp="2023-11-08T17:17:24 IST" skipped="0">
  <testcase classname="sbt117.ManageMultiTraveler" name="travellerProfiling" time="52.697"/>
  <system-out/>
  <testcase classname="sbt117.ManageMultiTraveler" name="travellerProfiling" time="55.928"/>
  <system-out/>
  <testcase classname="sbt117.ManageMultiTraveler" name="travellerProfiling" time="51.367"/>
  <system-out/>
  <testcase classname="sbt117.ManageMultiTraveler" name="travellerProfiling" time="51.471"/>
  <system-out/>
</testsuite> <!-- sbt117.ManageMultiTraveler -->
