<?xml version="1.0" encoding="UTF-8"?>
<!-- Generated by org.testng.reporters.JUnitReportReporter -->
<testsuite hostname="SHUBHAM" failures="0" tests="1" name="sbt117.CancellationRule" time="21.872" errors="0" timestamp="2023-07-20T18:15:39 IST" skipped="0">
  <testcase classname="sbt117.CancellationRule" name="cancellationRule" time="21.872"/>
  <system-out/>
</testsuite> <!-- sbt117.CancellationRule -->
