<?xml version="1.0" encoding="UTF-8"?>
<!-- Generated by org.testng.reporters.JUnitReportReporter -->
<testsuite hostname="SHUBHAM" failures="0" tests="1" name="CarporateSBT.CamSbtExpenseCategoriesPoliciesManagement" time="54.365" errors="0" timestamp="2022-07-26T18:53:16 IST" skipped="0">
  <testcase classname="CarporateSBT.CamSbtExpenseCategoriesPoliciesManagement" name="Profiling1" time="54.365"/>
  <system-out/>
</testsuite> <!-- CarporateSBT.CamSbtExpenseCategoriesPoliciesManagement -->
