<?xml version="1.0" encoding="UTF-8"?>
<!-- Generated by org.testng.reporters.JUnitReportReporter -->
<testsuite hostname="SHUBHAM" failures="0" tests="1" name="product.Flight.suite.Oneway.hotelBusinessTrip" time="78.341" errors="0" timestamp="2022-07-28T19:34:53 IST" skipped="0">
  <testcase classname="product.Flight.suite.Oneway.hotelBusinessTrip" name="Sbt_flight_Search" time="78.341"/>
  <system-out/>
</testsuite> <!-- product.Flight.suite.Oneway.hotelBusinessTrip -->
