<?xml version="1.0" encoding="UTF-8"?>
<!-- Generated by org.testng.reporters.JUnitReportReporter -->
<testsuite hostname="SHUBHAM" failures="0" tests="1" name="testFlightHotel.OtherServices" time="0.000" errors="0" timestamp="2024-05-15T16:19:26 IST" skipped="1">
  <testcase classname="testFlightHotel.OtherServices" name="OtherProducts" time="0.000">
    <skipped/>
  </testcase> <!-- OtherProducts -->
  <system-out/>
</testsuite> <!-- testFlightHotel.OtherServices -->
