<?xml version="1.0" encoding="UTF-8"?>
<!-- Generated by org.testng.reporters.JUnitReportReporter -->
<testsuite name="TestScript.RoundTrip.Flight" tests="1" time="304.623" ignored="0" failures="0" timestamp="24 Jan 2020 11:13:36 GMT" skipped="0" hostname="Anjali" errors="0">
  <testcase name="flightroundtrip" time="304.623" classname="TestScript.RoundTrip.Flight"/>
</testsuite> <!-- TestScript.RoundTrip.Flight -->
