<?xml version="1.0" encoding="UTF-8"?>
<!-- Generated by org.testng.reporters.JUnitReportReporter -->
<testsuite hostname="ANKUR" failures="0" tests="4" name="testFlightHotel.FlightBooking117" time="820.649" errors="0" timestamp="2024-06-08T05:45:26 IST" skipped="0">
  <testcase classname="testFlightHotel.FlightBooking117" name="flightBooking" time="243.095"/>
  <system-out/>
  <testcase classname="testFlightHotel.FlightBooking117" name="flightBooking" time="200.439"/>
  <system-out/>
  <testcase classname="testFlightHotel.FlightBooking117" name="flightBooking" time="184.829"/>
  <system-out/>
  <testcase classname="testFlightHotel.FlightBooking117" name="flightBooking" time="192.286"/>
  <system-out/>
</testsuite> <!-- testFlightHotel.FlightBooking117 -->
