<?xml version="1.0" encoding="UTF-8"?>
<!-- Generated by org.testng.reporters.JUnitReportReporter -->
<testsuite hostname="ANKUR" failures="0" tests="1" name="testFlightHotel.BusinessHotelTrip" time="125.632" errors="0" timestamp="2025-02-21T11:39:55 IST" skipped="0">
  <testcase classname="testFlightHotel.BusinessHotelTrip" name="Sbt_Hotel_Search" time="125.632"/>
  <system-out/>
</testsuite> <!-- testFlightHotel.BusinessHotelTrip -->
