<?xml version="1.0" encoding="UTF-8"?>
<!-- Generated by org.testng.reporters.JUnitReportReporter -->
<testsuite hostname="SHUBHAM" failures="0" tests="4" name="sbt117.ManageBanner" time="209.222" errors="0" timestamp="2023-11-08T17:12:15 IST" skipped="0">
  <testcase classname="sbt117.ManageBanner" name="travellerProfiling" time="54.171"/>
  <system-out/>
  <testcase classname="sbt117.ManageBanner" name="travellerProfiling" time="51.103"/>
  <system-out/>
  <testcase classname="sbt117.ManageBanner" name="travellerProfiling" time="50.853"/>
  <system-out/>
  <testcase classname="sbt117.ManageBanner" name="travellerProfiling" time="53.095"/>
  <system-out/>
</testsuite> <!-- sbt117.ManageBanner -->
